<?xml version="1.0" encoding="UTF-8"?>
<!-- Generated by org.testng.reporters.JUnitXMLReporter -->
<testsuite ignored="0" hostname="DESKTOP-OUT9PUI" failures="0" tests="7" name="Default test" time="12.272" errors="0" timestamp="2023-09-01T16:34:52 IST">
  <testcase classname="Test.test" name="loginToSDemo" time="0.278"/>
  <testcase classname="Test.test" name="getgreatestPrice" time="2.177"/>
  <testcase classname="Test.test" name="opencartpage" time="2.127"/>
  <testcase classname="Test.test" name="Checkoutbutton" time="2.092"/>
  <testcase classname="Test.test" name="checkoutPage" time="0.254"/>
  <testcase classname="Test.test" name="continuebutton" time="2.097"/>
  <testcase classname="Test.test" name="finishbutton" time="2.09"/>
</testsuite> <!-- Default test -->
