<?xml version="1.0" encoding="UTF-8"?>
<!-- Generated by org.testng.reporters.JUnitXMLReporter -->
<testsuite ignored="0" hostname="DESKTOP-OUT9PUI" failures="0" tests="7" name="Default test" time="12.04" errors="0" timestamp="2023-09-02T16:28:12 IST">
  <testcase classname="Test.test" name="loginToSDemo" time="0.273"/>
  <testcase classname="Test.test" name="getgreatestPrice" time="2.244"/>
  <testcase classname="Test.test" name="opencartpage" time="2.057"/>
  <testcase classname="Test.test" name="Checkoutbutton" time="2.106"/>
  <testcase classname="Test.test" name="checkoutPage" time="0.323"/>
  <testcase classname="Test.test" name="continuebutton" time="2.109"/>
  <testcase classname="Test.test" name="finishbutton" time="2.082"/>
</testsuite> <!-- Default test -->
