<?xml version="1.0" encoding="UTF-8"?>
<testng-results ignored="0" total="7" passed="7" failed="0" skipped="0">
  <reporter-output>
  </reporter-output>
  <suite started-at="2023-09-01T16:34:40 IST" name="Default suite" finished-at="2023-09-01T16:34:52 IST" duration-ms="12272">
    <groups>
    </groups>
    <test started-at="2023-09-01T16:34:40 IST" name="Default test" finished-at="2023-09-01T16:34:52 IST" duration-ms="12272">
      <class name="Test.test">
        <test-method is-config="true" signature="openandlaunchBrowserURL()[pri:0, instance:Test.test@27d57a2c]" started-at="2023-09-01T16:34:40 IST" name="openandlaunchBrowserURL" finished-at="2023-09-01T16:34:41 IST" duration-ms="1091" status="PASS">
          <reporter-output>
          </reporter-output>
        </test-method> <!-- openandlaunchBrowserURL -->
        <test-method signature="loginToSDemo()[pri:1, instance:Test.test@27d57a2c]" started-at="2023-09-01T16:34:41 IST" name="loginToSDemo" finished-at="2023-09-01T16:34:41 IST" duration-ms="278" status="PASS">
          <reporter-output>
          </reporter-output>
        </test-method> <!-- loginToSDemo -->
        <test-method signature="getgreatestPrice()[pri:2, instance:Test.test@27d57a2c]" started-at="2023-09-01T16:34:41 IST" name="getgreatestPrice" finished-at="2023-09-01T16:34:43 IST" duration-ms="2177" status="PASS">
          <reporter-output>
          </reporter-output>
        </test-method> <!-- getgreatestPrice -->
        <test-method signature="opencartpage()[pri:3, instance:Test.test@27d57a2c]" started-at="2023-09-01T16:34:43 IST" name="opencartpage" finished-at="2023-09-01T16:34:45 IST" duration-ms="2127" status="PASS">
          <reporter-output>
          </reporter-output>
        </test-method> <!-- opencartpage -->
        <test-method signature="Checkoutbutton()[pri:4, instance:Test.test@27d57a2c]" started-at="2023-09-01T16:34:45 IST" name="Checkoutbutton" finished-at="2023-09-01T16:34:47 IST" duration-ms="2092" status="PASS">
          <reporter-output>
          </reporter-output>
        </test-method> <!-- Checkoutbutton -->
        <test-method signature="checkoutPage()[pri:5, instance:Test.test@27d57a2c]" started-at="2023-09-01T16:34:47 IST" name="checkoutPage" finished-at="2023-09-01T16:34:48 IST" duration-ms="254" status="PASS">
          <reporter-output>
          </reporter-output>
        </test-method> <!-- checkoutPage -->
        <test-method signature="continuebutton()[pri:6, instance:Test.test@27d57a2c]" started-at="2023-09-01T16:34:48 IST" name="continuebutton" finished-at="2023-09-01T16:34:50 IST" duration-ms="2097" status="PASS">
          <reporter-output>
          </reporter-output>
        </test-method> <!-- continuebutton -->
        <test-method signature="finishbutton()[pri:7, instance:Test.test@27d57a2c]" started-at="2023-09-01T16:34:50 IST" name="finishbutton" finished-at="2023-09-01T16:34:52 IST" duration-ms="2090" status="PASS">
          <reporter-output>
          </reporter-output>
        </test-method> <!-- finishbutton -->
      </class> <!-- Test.test -->
    </test> <!-- Default test -->
  </suite> <!-- Default suite -->
</testng-results>
