<?xml version="1.0" encoding="UTF-8"?>
<testng-results ignored="0" total="7" passed="7" failed="0" skipped="0">
  <reporter-output>
  </reporter-output>
  <suite started-at="2023-09-02T16:28:00 IST" name="Default suite" finished-at="2023-09-02T16:28:12 IST" duration-ms="12040">
    <groups>
    </groups>
    <test started-at="2023-09-02T16:28:00 IST" name="Default test" finished-at="2023-09-02T16:28:12 IST" duration-ms="12040">
      <class name="Test.test">
        <test-method is-config="true" signature="openandlaunchBrowserURL()[pri:0, instance:Test.test@2ff95fc6]" started-at="2023-09-02T16:28:00 IST" name="openandlaunchBrowserURL" finished-at="2023-09-02T16:28:00 IST" duration-ms="790" status="PASS">
          <reporter-output>
          </reporter-output>
        </test-method> <!-- openandlaunchBrowserURL -->
        <test-method signature="loginToSDemo()[pri:1, instance:Test.test@2ff95fc6]" started-at="2023-09-02T16:28:00 IST" name="loginToSDemo" finished-at="2023-09-02T16:28:01 IST" duration-ms="273" status="PASS">
          <reporter-output>
          </reporter-output>
        </test-method> <!-- loginToSDemo -->
        <test-method signature="getgreatestPrice()[pri:2, instance:Test.test@2ff95fc6]" started-at="2023-09-02T16:28:01 IST" name="getgreatestPrice" finished-at="2023-09-02T16:28:03 IST" duration-ms="2244" status="PASS">
          <reporter-output>
          </reporter-output>
        </test-method> <!-- getgreatestPrice -->
        <test-method signature="opencartpage()[pri:3, instance:Test.test@2ff95fc6]" started-at="2023-09-02T16:28:03 IST" name="opencartpage" finished-at="2023-09-02T16:28:05 IST" duration-ms="2057" status="PASS">
          <reporter-output>
          </reporter-output>
        </test-method> <!-- opencartpage -->
        <test-method signature="Checkoutbutton()[pri:4, instance:Test.test@2ff95fc6]" started-at="2023-09-02T16:28:05 IST" name="Checkoutbutton" finished-at="2023-09-02T16:28:07 IST" duration-ms="2106" status="PASS">
          <reporter-output>
          </reporter-output>
        </test-method> <!-- Checkoutbutton -->
        <test-method signature="checkoutPage()[pri:5, instance:Test.test@2ff95fc6]" started-at="2023-09-02T16:28:07 IST" name="checkoutPage" finished-at="2023-09-02T16:28:08 IST" duration-ms="323" status="PASS">
          <reporter-output>
          </reporter-output>
        </test-method> <!-- checkoutPage -->
        <test-method signature="continuebutton()[pri:6, instance:Test.test@2ff95fc6]" started-at="2023-09-02T16:28:08 IST" name="continuebutton" finished-at="2023-09-02T16:28:10 IST" duration-ms="2109" status="PASS">
          <reporter-output>
          </reporter-output>
        </test-method> <!-- continuebutton -->
        <test-method signature="finishbutton()[pri:7, instance:Test.test@2ff95fc6]" started-at="2023-09-02T16:28:10 IST" name="finishbutton" finished-at="2023-09-02T16:28:12 IST" duration-ms="2082" status="PASS">
          <reporter-output>
          </reporter-output>
        </test-method> <!-- finishbutton -->
      </class> <!-- Test.test -->
    </test> <!-- Default test -->
  </suite> <!-- Default suite -->
</testng-results>
